[1207/210137.801:INFO:CONSOLE(0)] "The Content Security Policy directive 'upgrade-insecure-requests' is ignored when delivered in a report-only policy.", source: https://web.whatsapp.com/ (0)
[1207/210137.811:INFO:CONSOLE(1)] "[Report Only] Refused to apply inline style because it violates the following Content Security Policy directive: "default-src 'self' data: blob:". Either the 'unsafe-inline' keyword, a hash ('sha256-8StEYqCRZcc6KLATZgvty1WmbhiLWXhDGKW8XNZQ9So='), or a nonce ('nonce-...') is required to enable inline execution. Note also that 'style-src' was not explicitly set, so 'default-src' is used as a fallback.
", source: https://web.whatsapp.com/ (1)
[1207/210137.815:INFO:CONSOLE(1)] "[Report Only] Refused to execute inline script because it violates the following Content Security Policy directive: "default-src 'self' data: blob:". Either the 'unsafe-inline' keyword, a hash ('sha256-S3m23JGn7jM3OxFZkcPrKH7XEM+2cIQhtMq2gu3b/L0='), or a nonce ('nonce-...') is required to enable inline execution. Note also that 'script-src' was not explicitly set, so 'default-src' is used as a fallback.
", source: https://web.whatsapp.com/ (1)
[1207/210138.445:INFO:CONSOLE(1)] "[Report Only] Refused to execute inline script because it violates the following Content Security Policy directive: "default-src 'self' data: blob:". Either the 'unsafe-inline' keyword, a hash ('sha256-rSZhycRrMMkmtUSIx9Y6Xq8eTylNwLHswaDIVbeiBOQ='), or a nonce ('nonce-...') is required to enable inline execution. Note also that 'script-src' was not explicitly set, so 'default-src' is used as a fallback.
", source: https://web.whatsapp.com/ (1)
[1207/210138.445:INFO:CONSOLE(2)] "[Report Only] Refused to execute inline script because it violates the following Content Security Policy directive: "default-src 'self' data: blob:". Either the 'unsafe-inline' keyword, a hash ('sha256-nIzT0PTVr4x/XNHEUgjt0wi/5HLjU6UOTLrL9stYYnw='), or a nonce ('nonce-...') is required to enable inline execution. Note also that 'script-src' was not explicitly set, so 'default-src' is used as a fallback.
", source: https://web.whatsapp.com/ (2)
[1207/210138.455:INFO:CONSOLE(1)] "[Report Only] Refused to compile or instantiate WebAssembly module because 'unsafe-eval' is not an allowed source of script in the following Content Security Policy directive: "default-src 'self' data: blob:". Note that 'script-src' was not explicitly set, so 'default-src' is used as a fallback.
", source: https://web.whatsapp.com/libsignal-protocol-ee5b8ba.min.js (1)
[1207/210138.590:INFO:CONSOLE(7)] "[Report Only] Refused to evaluate a string as JavaScript because 'unsafe-eval' is not an allowed source of script in the following Content Security Policy directive: "default-src 'self' data: blob:". Note that 'script-src' was not explicitly set, so 'default-src' is used as a fallback.
", source: https://web.whatsapp.com/vendor1~app.58a51d93a250f83ab555.js (7)
[1207/210139.207:INFO:CONSOLE(71)] "[Report Only] Refused to apply inline style because it violates the following Content Security Policy directive: "default-src 'self' data: blob:". Either the 'unsafe-inline' keyword, a hash ('sha256-47DEQpj8HBSa+/TImW+5JCeuQeRkm5NMpJWZG3hSuFU='), or a nonce ('nonce-...') is required to enable inline execution. Note also that 'style-src' was not explicitly set, so 'default-src' is used as a fallback.
", source: https://web.whatsapp.com/app.77ee8aa7a4c593101105.js (71)
[1207/210149.735:INFO:CONSOLE(1)] "Uncaught (in promise) TypeError: Failed to execute 'put' on 'Cache': Partial response (status code 206) is unsupported", source: https://web.whatsapp.com/serviceworker.js (1)
[1207/210150.525:INFO:CONSOLE(1)] "Uncaught (in promise) TypeError: Failed to execute 'put' on 'Cache': Partial response (status code 206) is unsupported", source: https://web.whatsapp.com/serviceworker.js (1)
[1207/210150.528:INFO:CONSOLE(1)] "Uncaught (in promise) TypeError: Failed to execute 'put' on 'Cache': Partial response (status code 206) is unsupported", source: https://web.whatsapp.com/serviceworker.js (1)
[1207/210200.804:INFO:CONSOLE(0)] "[Report Only] Refused to load the image 'https://pps.whatsapp.net/v/t61.24694-24/231905188_389395635884946_7236188171530174658_n.jpg?stp=dst-jpg_s96x96&ccb=11-4&oh=01_AdTq4B5HNv4Kqefx1zjTJ_pgjne_5GfFdIC6vfT1i-ipfQ&oe=639DA7FD' because it violates the following Content Security Policy directive: "default-src 'self' data: blob:". Note that 'img-src' was not explicitly set, so 'default-src' is used as a fallback.
", source: https://web.whatsapp.com/ (0)
[1207/210200.816:INFO:CONSOLE(0)] "[Report Only] Refused to load the image 'https://pps.whatsapp.net/v/t61.24694-24/261550073_124276603327506_4024338278836600239_n.jpg?stp=dst-jpg_s96x96&ccb=11-4&oh=01_AdSQtg30cE7IH74a-99ja8FqM-ohcMWeh5e7qJkzMVMFmg&oe=639D9702' because it violates the following Content Security Policy directive: "default-src 'self' data: blob:". Note that 'img-src' was not explicitly set, so 'default-src' is used as a fallback.
", source: https://web.whatsapp.com/ (0)
[1207/210200.823:INFO:CONSOLE(0)] "[Report Only] Refused to load the image 'https://pps.whatsapp.net/v/t61.24694-24/57122367_380500445879547_2363140982498656256_n.jpg?stp=dst-jpg_s96x96&ccb=11-4&oh=01_AdRgXXeBi2GzswNG5Ugdp62ZpwAI71rkC-DWmjVbKysXwg&oe=639DA7EA' because it violates the following Content Security Policy directive: "default-src 'self' data: blob:". Note that 'img-src' was not explicitly set, so 'default-src' is used as a fallback.
", source: https://web.whatsapp.com/ (0)
[1207/210200.829:INFO:CONSOLE(0)] "[Report Only] Refused to load the image 'https://pps.whatsapp.net/v/t61.24694-24/287293608_315911473938740_4849501340503879291_n.jpg?stp=dst-jpg_s96x96&ccb=11-4&oh=01_AdSPRhyBkg6VfcgpzgguFPeG1Ji1ci6rbGF5JYwmKfmyMw&oe=639DB838' because it violates the following Content Security Policy directive: "default-src 'self' data: blob:". Note that 'img-src' was not explicitly set, so 'default-src' is used as a fallback.
", source: https://web.whatsapp.com/ (0)
[1207/210200.839:INFO:CONSOLE(0)] "[Report Only] Refused to load the image 'https://pps.whatsapp.net/v/t61.24694-24/267111230_167082845973552_24623551361650733_n.jpg?stp=dst-jpg_s96x96&ccb=11-4&oh=01_AdRke5lD_EWDEAXbMYRrHtTo7UMRxA9fYld_RRD-HudI_Q&oe=639DB5DF' because it violates the following Content Security Policy directive: "default-src 'self' data: blob:". Note that 'img-src' was not explicitly set, so 'default-src' is used as a fallback.
", source: https://web.whatsapp.com/ (0)
[1207/210200.847:INFO:CONSOLE(0)] "[Report Only] Refused to load the image 'https://pps.whatsapp.net/v/t61.24694-24/307154013_569470468260473_2212256663207537629_n.jpg?stp=dst-jpg_s96x96&ccb=11-4&oh=01_AdRf5atT6UIda1CvR4oDraDCb7SO0LEXTzMRg9vp43O50Q&oe=639D956D' because it violates the following Content Security Policy directive: "default-src 'self' data: blob:". Note that 'img-src' was not explicitly set, so 'default-src' is used as a fallback.
", source: https://web.whatsapp.com/ (0)
[1207/210200.854:INFO:CONSOLE(0)] "[Report Only] Refused to load the image 'https://pps.whatsapp.net/v/t61.24694-24/300970687_674321724062013_2455358174686016318_n.jpg?stp=dst-jpg_s96x96&ccb=11-4&oh=01_AdSkWGjApk-GZvcvjYVTsm9Ozp3kbdf_B3P390RnrFadVA&oe=639DA04F' because it violates the following Content Security Policy directive: "default-src 'self' data: blob:". Note that 'img-src' was not explicitly set, so 'default-src' is used as a fallback.
", source: https://web.whatsapp.com/ (0)
[1207/210200.887:INFO:CONSOLE(0)] "[Report Only] Refused to load the image 'https://pps.whatsapp.net/v/t61.24694-24/57024285_1097596637078990_6758025757722673152_n.jpg?stp=dst-jpg_s96x96&ccb=11-4&oh=01_AdRxFIxH-2V3Xh6JQoFSHQRirO3D3IiZgG4NF4qgho7JkA&oe=639D9DE3' because it violates the following Content Security Policy directive: "default-src 'self' data: blob:". Note that 'img-src' was not explicitly set, so 'default-src' is used as a fallback.
", source: https://web.whatsapp.com/ (0)
[1207/210200.892:INFO:CONSOLE(0)] "[Report Only] Refused to load the image 'https://pps.whatsapp.net/v/t61.24694-24/302441592_857758378539867_6899440366559907937_n.jpg?stp=dst-jpg_s96x96&ccb=11-4&oh=01_AdRu-v6k6n-UbRHXRBOMf85wlCzk4UAxG4l_JMbtb2hxKg&oe=639DA9F0' because it violates the following Content Security Policy directive: "default-src 'self' data: blob:". Note that 'img-src' was not explicitly set, so 'default-src' is used as a fallback.
", source: https://web.whatsapp.com/ (0)
[1207/210200.904:INFO:CONSOLE(0)] "[Report Only] Refused to load the image 'https://pps.whatsapp.net/v/t61.24694-24/56420938_566985227125401_4580843274159259648_n.jpg?stp=dst-jpg_s96x96&ccb=11-4&oh=01_AdTLS2epHYmgosNpPEkn2iBb8I_81nRo_sGeUQLwsbVyDA&oe=639DC076' because it violates the following Content Security Policy directive: "default-src 'self' data: blob:". Note that 'img-src' was not explicitly set, so 'default-src' is used as a fallback.
", source: https://web.whatsapp.com/ (0)
[1207/210200.909:INFO:CONSOLE(0)] "[Report Only] Refused to load the image 'https://pps.whatsapp.net/v/t61.24694-24/229002940_123148360297618_8352024197771141067_n.jpg?stp=dst-jpg_s96x96&ccb=11-4&oh=01_AdTVKVBj-yLKNIIjIRuqHkABgXLUdF-5uwPEN_EzTvkDog&oe=639D9F1C' because it violates the following Content Security Policy directive: "default-src 'self' data: blob:". Note that 'img-src' was not explicitly set, so 'default-src' is used as a fallback.
", source: https://web.whatsapp.com/ (0)
[1207/210200.914:INFO:CONSOLE(0)] "[Report Only] Refused to load the image 'https://pps.whatsapp.net/v/t61.24694-24/57222193_283221749282813_1772410038145515520_n.jpg?stp=dst-jpg_s96x96&ccb=11-4&oh=01_AdRj8aLywG0lEU-ZsUVVQ8t2nNF68cG9Bu37Ga2wg_SIQA&oe=639DBD87' because it violates the following Content Security Policy directive: "default-src 'self' data: blob:". Note that 'img-src' was not explicitly set, so 'default-src' is used as a fallback.
", source: https://web.whatsapp.com/ (0)
[1207/210200.919:INFO:CONSOLE(0)] "[Report Only] Refused to load the image 'https://pps.whatsapp.net/v/t61.24694-24/116716280_294564665128880_8714782983913966232_n.jpg?stp=dst-jpg_s96x96&ccb=11-4&oh=01_AdR3GK0gpCBBP4KxFYCnk1OjihYvukY2RZWMzND2HMdxeg&oe=639DB860' because it violates the following Content Security Policy directive: "default-src 'self' data: blob:". Note that 'img-src' was not explicitly set, so 'default-src' is used as a fallback.
", source: https://web.whatsapp.com/ (0)
[1207/210200.924:INFO:CONSOLE(0)] "[Report Only] Refused to load the image 'https://pps.whatsapp.net/v/t61.24694-24/155857919_183964267224421_178027914336466360_n.jpg?stp=dst-jpg_s96x96&ccb=11-4&oh=01_AdT7pAxycEYb7ctPRtt38JYCkMaq7nzhG-Uuoh-sW2DxSg&oe=639D972D' because it violates the following Content Security Policy directive: "default-src 'self' data: blob:". Note that 'img-src' was not explicitly set, so 'default-src' is used as a fallback.
", source: https://web.whatsapp.com/ (0)
[1207/210200.930:INFO:CONSOLE(0)] "[Report Only] Refused to load the image 'https://pps.whatsapp.net/v/t61.24694-24/56828275_2195861123964547_1799903004275507200_n.jpg?stp=dst-jpg_s96x96&ccb=11-4&oh=01_AdQWsW5ZGkyyfg_6Ojef_J1eDf8oJGC1el1fIgtCEcH2PA&oe=639DC2B1' because it violates the following Content Security Policy directive: "default-src 'self' data: blob:". Note that 'img-src' was not explicitly set, so 'default-src' is used as a fallback.
", source: https://web.whatsapp.com/ (0)
